<?xml version="1.0" encoding="UTF-8"?>
<testng-results skipped="0" failed="0" ignored="0" total="1" passed="1">
  <reporter-output>
    <line>
      <![CDATA[PASSEDinvalidLogin]]>
    </line>
  </reporter-output>
  <suite name="Default suite" duration-ms="28630" started-at="2020-06-10T16:43:01 IST" finished-at="2020-06-10T16:43:29 IST">
    <groups>
    </groups>
    <test name="Default test" duration-ms="28630" started-at="2020-06-10T16:43:01 IST" finished-at="2020-06-10T16:43:29 IST">
      <class name="tests.TC002">
        <test-method status="PASS" signature="openApp()[pri:0, instance:tests.TC002@6895a785]" name="openApp" is-config="true" duration-ms="18739" started-at="2020-06-10T16:43:01 IST" finished-at="2020-06-10T16:43:19 IST">
          <reporter-output>
          </reporter-output>
        </test-method> <!-- openApp -->
        <test-method status="PASS" signature="invalidLogin()[pri:0, instance:tests.TC002@6895a785]" name="invalidLogin" duration-ms="6918" started-at="2020-06-10T16:43:19 IST" finished-at="2020-06-10T16:43:26 IST">
          <reporter-output>
          </reporter-output>
        </test-method> <!-- invalidLogin -->
        <test-method status="PASS" signature="closeApp(org.testng.ITestResult)[pri:0, instance:tests.TC002@6895a785]" name="closeApp" is-config="true" duration-ms="2870" started-at="2020-06-10T16:43:26 IST" finished-at="2020-06-10T16:43:29 IST">
          <params>
            <param index="0">
              <value>
                <![CDATA[[TestResult name=invalidLogin status=SUCCESS method=TC002.invalidLogin()[pri:0, instance:tests.TC002@6895a785] output={null}]]]>
              </value>
            </param>
          </params>
          <reporter-output>
            <line>
              <![CDATA[PASSEDinvalidLogin]]>
            </line>
          </reporter-output>
        </test-method> <!-- closeApp -->
      </class> <!-- tests.TC002 -->
    </test> <!-- Default test -->
  </suite> <!-- Default suite -->
</testng-results>
