<?xml version="1.0" encoding="UTF-8"?>
<!-- Generated by org.testng.reporters.JUnitXMLReporter -->
<testsuite hostname="DESKTOP-5KUNU6Q" ignored="0" name="Test" tests="1" failures="0" timestamp="2020-06-25T08:19:13 PDT" time="22.134" errors="0">
  <testcase name="@BeforeMethod logToApp" time="0.082" classname="tests.BaseTest">
    <failure type="java.lang.NullPointerException">
      <![CDATA[java.lang.NullPointerException
at genericLibraries.WebActionUtil.enterKeys(WebActionUtil.java:29)
at pages.LoginPage.login(LoginPage.java:43)
at tests.BaseTest.logToApp(BaseTest.java:63)
at java.util.ArrayList.forEach(Unknown Source)
... Removed 31 stack frames]]>
    </failure>
  </testcase> <!-- @BeforeMethod logToApp -->
  <testcase name="@AfterMethod logOutApp" time="-1.593098349387E9" classname="tests.BaseTest">
    <skipped/>
  </testcase> <!-- @AfterMethod logOutApp -->
  <testcase name="createchart" time="0.0" classname="tests.TC001">
    <skipped/>
  </testcase> <!-- createchart -->
</testsuite> <!-- Test -->
